{"name":"TC01","status":"failed","statusDetails":{"known":false,"muted":false,"flaky":false,"message":"Password text box is not display expected [true] but found [false]","trace":"java.lang.AssertionError: Password text box is not display expected [true] but found [false]\r\n\tat org.testng.Assert.fail(Assert.java:96)\r\n\tat org.testng.Assert.failNotEquals(Assert.java:776)\r\n\tat org.testng.Assert.assertTrue(Assert.java:44)\r\n\tat tests.gmail.Testsuite_Demo.TC01(Testsuite_Demo.java:45)\r\n\tat java.base/jdk.internal.reflect.NativeMethodAccessorImpl.invoke0(Native Method)\r\n\tat java.base/jdk.internal.reflect.NativeMethodAccessorImpl.invoke(NativeMethodAccessorImpl.java:64)\r\n\tat java.base/jdk.internal.reflect.DelegatingMethodAccessorImpl.invoke(DelegatingMethodAccessorImpl.java:43)\r\n\tat java.base/java.lang.reflect.Method.invoke(Method.java:564)\r\n\tat org.testng.internal.MethodInvocationHelper.invokeMethod(MethodInvocationHelper.java:124)\r\n\tat org.testng.internal.Invoker.invokeMethod(Invoker.java:583)\r\n\tat org.testng.internal.Invoker.invokeTestMethod(Invoker.java:719)\r\n\tat org.testng.internal.Invoker.invokeTestMethods(Invoker.java:989)\r\n\tat org.testng.internal.TestMethodWorker.invokeTestMethods(TestMethodWorker.java:125)\r\n\tat org.testng.internal.TestMethodWorker.run(TestMethodWorker.java:109)\r\n\tat org.testng.TestRunner.privateRun(TestRunner.java:648)\r\n\tat org.testng.TestRunner.run(TestRunner.java:505)\r\n\tat org.testng.SuiteRunner.runTest(SuiteRunner.java:455)\r\n\tat org.testng.SuiteRunner.runSequentially(SuiteRunner.java:450)\r\n\tat org.testng.SuiteRunner.privateRun(SuiteRunner.java:415)\r\n\tat org.testng.SuiteRunner.run(SuiteRunner.java:364)\r\n\tat org.testng.SuiteRunnerWorker.runSuite(SuiteRunnerWorker.java:52)\r\n\tat org.testng.SuiteRunnerWorker.run(SuiteRunnerWorker.java:84)\r\n\tat org.testng.TestNG.runSuitesSequentially(TestNG.java:1208)\r\n\tat org.testng.TestNG.runSuitesLocally(TestNG.java:1137)\r\n\tat org.testng.TestNG.runSuites(TestNG.java:1049)\r\n\tat org.testng.TestNG.run(TestNG.java:1017)\r\n\tat org.testng.remote.AbstractRemoteTestNG.run(AbstractRemoteTestNG.java:115)\r\n\tat org.testng.remote.RemoteTestNG.initAndRun(RemoteTestNG.java:251)\r\n\tat org.testng.remote.RemoteTestNG.main(RemoteTestNG.java:77)\r\n"},"stage":"finished","steps":[{"name":"Step 1: Open web mail","status":"passed","stage":"finished","steps":[],"attachments":[],"parameters":[],"start":1620461168241,"stop":1620461168242},{"name":"VERIFY POINT: Text box password is displayed","status":"passed","stage":"finished","steps":[],"attachments":[],"parameters":[],"start":1620461169114,"stop":1620461169114},{"name":"TEST FAILED","status":"failed","stage":"finished","steps":[],"attachments":[],"parameters":[],"start":1620461169149,"stop":1620461169149}],"attachments":[{"name":"Fail screenshot","source":"26d8fc32-ed66-4d05-9c4c-55238daeb0ba-attachment"}],"parameters":[],"start":1620461168240,"stop":1620461169291,"uuid":"28cc83b0-07fb-40d3-a90e-a3ab627543be","historyId":"1e8dfe8544845345e2c1bd24a533059c","fullName":"tests.gmail.Testsuite_Demo.TC01","labels":[{"name":"package","value":"tests.gmail.Testsuite_Demo"},{"name":"testClass","value":"tests.gmail.Testsuite_Demo"},{"name":"testMethod","value":"TC01"},{"name":"parentSuite","value":"Default suite"},{"name":"suite","value":"Default test"},{"name":"subSuite","value":"tests.gmail.Testsuite_Demo"},{"name":"host","value":"Admin"},{"name":"thread","value":"69740@Admin.main(1)"},{"name":"framework","value":"testng"},{"name":"language","value":"java"}],"links":[]}