{"name":"TC01","status":"failed","statusDetails":{"known":false,"muted":false,"flaky":false,"message":"Password text box is not display expected [true] but found [false]","trace":"java.lang.AssertionError: Password text box is not display expected [true] but found [false]\r\n\tat org.testng.Assert.fail(Assert.java:96)\r\n\tat org.testng.Assert.failNotEquals(Assert.java:776)\r\n\tat org.testng.Assert.assertTrue(Assert.java:44)\r\n\tat tests.gmail.Testsuite_Demo.TC01(Testsuite_Demo.java:35)\r\n\tat java.base/jdk.internal.reflect.NativeMethodAccessorImpl.invoke0(Native Method)\r\n\tat java.base/jdk.internal.reflect.NativeMethodAccessorImpl.invoke(NativeMethodAccessorImpl.java:64)\r\n\tat java.base/jdk.internal.reflect.DelegatingMethodAccessorImpl.invoke(DelegatingMethodAccessorImpl.java:43)\r\n\tat java.base/java.lang.reflect.Method.invoke(Method.java:564)\r\n\tat org.testng.internal.MethodInvocationHelper.invokeMethod(MethodInvocationHelper.java:124)\r\n\tat org.testng.internal.Invoker.invokeMethod(Invoker.java:583)\r\n\tat org.testng.internal.Invoker.invokeTestMethod(Invoker.java:719)\r\n\tat org.testng.internal.Invoker.invokeTestMethods(Invoker.java:989)\r\n\tat org.testng.internal.TestMethodWorker.invokeTestMethods(TestMethodWorker.java:125)\r\n\tat org.testng.internal.TestMethodWorker.run(TestMethodWorker.java:109)\r\n\tat org.testng.TestRunner.privateRun(TestRunner.java:648)\r\n\tat org.testng.TestRunner.run(TestRunner.java:505)\r\n\tat org.testng.SuiteRunner.runTest(SuiteRunner.java:455)\r\n\tat org.testng.SuiteRunner.runSequentially(SuiteRunner.java:450)\r\n\tat org.testng.SuiteRunner.privateRun(SuiteRunner.java:415)\r\n\tat org.testng.SuiteRunner.run(SuiteRunner.java:364)\r\n\tat org.testng.SuiteRunnerWorker.runSuite(SuiteRunnerWorker.java:52)\r\n\tat org.testng.SuiteRunnerWorker.run(SuiteRunnerWorker.java:84)\r\n\tat org.testng.TestNG.runSuitesSequentially(TestNG.java:1208)\r\n\tat org.testng.TestNG.runSuitesLocally(TestNG.java:1137)\r\n\tat org.testng.TestNG.runSuites(TestNG.java:1049)\r\n\tat org.testng.TestNG.run(TestNG.java:1017)\r\n\tat org.testng.remote.AbstractRemoteTestNG.run(AbstractRemoteTestNG.java:115)\r\n\tat org.testng.remote.RemoteTestNG.initAndRun(RemoteTestNG.java:251)\r\n\tat org.testng.remote.RemoteTestNG.main(RemoteTestNG.java:77)\r\n"},"stage":"finished","steps":[{"name":"Step 1: Open web mail","status":"passed","stage":"finished","steps":[],"attachments":[],"parameters":[],"start":1620460236018,"stop":1620460236018},{"name":"VERIFY POINT: Text box password is displayed","status":"passed","stage":"finished","steps":[],"attachments":[],"parameters":[],"start":1620460236988,"stop":1620460236989},{"name":"TEST FAILED","status":"failed","stage":"finished","steps":[],"attachments":[],"parameters":[],"start":1620460237033,"stop":1620460237033}],"attachments":[{"name":"Fail screenshot","source":"8496fe7d-5d04-4b86-b2b4-ca39affb10c6-attachment"}],"parameters":[],"start":1620460236016,"stop":1620460237182,"uuid":"8bc0213f-7aa4-42f3-87ca-606e499e59fe","historyId":"1e8dfe8544845345e2c1bd24a533059c","fullName":"tests.gmail.Testsuite_Demo.TC01","labels":[{"name":"package","value":"tests.gmail.Testsuite_Demo"},{"name":"testClass","value":"tests.gmail.Testsuite_Demo"},{"name":"testMethod","value":"TC01"},{"name":"parentSuite","value":"Default suite"},{"name":"suite","value":"Default test"},{"name":"subSuite","value":"tests.gmail.Testsuite_Demo"},{"name":"host","value":"Admin"},{"name":"thread","value":"68688@Admin.main(1)"},{"name":"framework","value":"testng"},{"name":"language","value":"java"}],"links":[]}